*** Starting uWSGI 2.0.29 (64bit) on [Fri May  9 11:07:41 2025] ***
compiled with version: 12.2.0 on 29 April 2025 11:17:30
os: Linux-6.1.0-27-amd64 #1 SMP PREEMPT_DYNAMIC Debian 6.1.115-1 (2024-11-01)
nodename: jsbdebian
machine: x86_64
clock source: unix
pcre jit disabled
detected number of CPU cores: 12
current working directory: /home/jsbien/git/glyph-miner
detected binary path: /home/jsbien/git/glyph-miner/uwsgi-env/bin/uwsgi
chdir() to /home/jsbien/git/glyph-miner
your processes number limit is 62262
your memory page size is 4096 bytes
detected max file descriptor number: 1024
lock engine: pthread robust mutexes
thunder lock: disabled (you can enable it with --thunder-lock)
uwsgi socket 0 bound to TCP address 127.0.0.1:9091 fd 3
Python version: 3.11.2 (main, Nov 30 2024, 21:22:50) [GCC 12.2.0]
Python main interpreter initialized at 0x7ff78af60018
python threads support enabled
your server socket listen backlog is limited to 100 connections
your mercy for graceful operations on workers is 60 seconds
mapped 166752 bytes (162 KB) for 2 cores
*** Operational MODE: threaded ***
added /home/jsbien/git/glyph-miner/ to pythonpath.
Traceback (most recent call last):
  File "/home/jsbien/git/glyph-miner/server/server.py", line 4, in <module>
    import server.webapp as web
  File "/home/jsbien/git/glyph-miner/server/webapp/__init__.py", line 5, in <module>
    from . import db
  File "/home/jsbien/git/glyph-miner/server/webapp/db/__init__.py", line 5, in <module>
    from .transaction import insert, transaction
ImportError: cannot import name 'insert' from 'server.webapp.db.transaction' (/home/jsbien/git/glyph-miner/server/webapp/db/transaction.py)
unable to load app 0 (mountpoint='') (callable not found or import error)
*** no app loaded. going in full dynamic mode ***
*** uWSGI is running in multiple interpreter mode ***
spawned uWSGI master process (pid: 972503)
spawned uWSGI worker 1 (pid: 972521, cores: 2)
--- no python application found, check your startup logs for errors ---
[pid: 972521|app: -1|req: -1/1] ::1 () {52 vars in 854 bytes} [Fri May  9 11:07:42 2025] GET /api/images => generated 21 bytes in 0 msecs (HTTP/1.1 500) 2 headers in 83 bytes (0 switches on core 0)
--- no python application found, check your startup logs for errors ---
[pid: 972521|app: -1|req: -1/2] ::1 () {52 vars in 864 bytes} [Fri May  9 11:07:42 2025] GET /api/collections => generated 21 bytes in 0 msecs (HTTP/1.1 500) 2 headers in 83 bytes (0 switches on core 1)
--- no python application found, check your startup logs for errors ---
[pid: 972521|app: -1|req: -1/3] ::1 () {52 vars in 864 bytes} [Fri May  9 11:07:42 2025] GET /api/collections => generated 21 bytes in 0 msecs (HTTP/1.1 500) 2 headers in 83 bytes (0 switches on core 0)
--- no python application found, check your startup logs for errors ---
[pid: 972521|app: -1|req: -1/4] ::1 () {40 vars in 538 bytes} [Fri May  9 11:07:43 2025] POST /api/collections => generated 21 bytes in 0 msecs (HTTP/1.1 500) 2 headers in 83 bytes (0 switches on core 1)
--- no python application found, check your startup logs for errors ---
[pid: 972521|app: -1|req: -1/5] ::1 () {36 vars in 457 bytes} [Fri May  9 11:07:43 2025] GET /api/collections => generated 21 bytes in 0 msecs (HTTP/1.1 500) 2 headers in 83 bytes (0 switches on core 0)
