jsbien@JSBbookworm:~/git/glyph-miner/YouTube$ docker build -t glyph-miner-custom .
unable to prepare context: unable to evaluate symlinks in Dockerfile path: lstat /home/jsbien/git/glyph-miner/YouTube/Dockerfile: no such file or directory
jsbien@JSBbookworm:~/git/glyph-miner/YouTube$ sudo docker build -t glyph-miner-custom .
[sudo] password for jsbien: 
unable to prepare context: unable to evaluate symlinks in Dockerfile path: lstat /home/jsbien/git/glyph-miner/YouTube/Dockerfile: no such file or directory
jsbien@JSBbookworm:~/git/glyph-miner/YouTube$ cd ..
jsbien@JSBbookworm:~/git/glyph-miner$ docker build -t glyph-miner-custom .
unable to prepare context: unable to evaluate symlinks in Dockerfile path: lstat /home/jsbien/git/glyph-miner/Dockerfile: no such file or directory
jsbien@JSBbookworm:~/git/glyph-miner$ cd docker
jsbien@JSBbookworm:~/git/glyph-miner/docker$ docker build -t glyph-miner-custom .
Sending build context to Docker daemon  6.144kB
Step 1/14 : FROM ubuntu:14.04
14.04: Pulling from library/ubuntu



Digest: sha256:64483f3496c1373bfd55348e88694d1c4d0c9b660dee6bfef5e12f43b9933b30
Status: Downloaded newer image for ubuntu:14.04
 ---> 13b66b487594
Step 2/14 : MAINTAINER Benedikt Budig "glyphminer@benedikt-budig.de"
 ---> Running in 9f6a9447f10c
Removing intermediate container 9f6a9447f10c
 ---> 86f1a922ce52
Step 3/14 : ENV DEBIAN_FRONTEND noninteractive
 ---> Running in 827bfb94ed3d
Removing intermediate container 827bfb94ed3d
 ---> 4647e9980b41
Step 4/14 : RUN apt-get update && apt-get install -y     g++     git     make     mysql-server     nginx     python-dev     python-numpy     python-mysqldb     python-pil     python-pip  && rm -rf /var/lib/apt/lists/*
 ---> Running in 9d6eb1c924da
Get:1 http://security.ubuntu.com trusty-security InRelease [56.5 kB]
Get:2 http://security.ubuntu.com trusty-security/main amd64 Packages [878 kB]
Ign http://archive.ubuntu.com trusty InRelease
Get:3 http://archive.ubuntu.com trusty-updates InRelease [56.5 kB]
Get:4 http://security.ubuntu.com trusty-security/restricted amd64 Packages [24.6 kB]
Get:5 https://esm.ubuntu.com trusty-infra-security InRelease
Get:6 http://security.ubuntu.com trusty-security/universe amd64 Packages [489 kB]
Get:7 https://esm.ubuntu.com trusty-infra-updates InRelease
Get:8 http://security.ubuntu.com trusty-security/multiverse amd64 Packages [6133 B]
Get:9 https://esm.ubuntu.com trusty-infra-security/main amd64 Packages
Get:10 http://archive.ubuntu.com trusty-backports InRelease [56.5 kB]
Get:11 https://esm.ubuntu.com trusty-infra-updates/main amd64 Packages
Hit http://archive.ubuntu.com trusty Release.gpg
Get:12 http://archive.ubuntu.com trusty-updates/main amd64 Packages [1461 kB]
Get:13 http://archive.ubuntu.com trusty-updates/restricted amd64 Packages [28.8 kB]
Get:14 http://archive.ubuntu.com trusty-updates/universe amd64 Packages [883 kB]
Get:15 http://archive.ubuntu.com trusty-updates/multiverse amd64 Packages [21.7 kB]
Get:16 http://archive.ubuntu.com trusty-backports/main amd64 Packages [20.0 kB]
Get:17 http://archive.ubuntu.com trusty-backports/restricted amd64 Packages [40 B]
Get:18 http://archive.ubuntu.com trusty-backports/universe amd64 Packages [72.8 kB]
Get:19 http://archive.ubuntu.com trusty-backports/multiverse amd64 Packages [1739 B]
Hit http://archive.ubuntu.com trusty Release
Get:20 http://archive.ubuntu.com trusty/main amd64 Packages [1743 kB]
Get:21 http://archive.ubuntu.com trusty/restricted amd64 Packages [16.0 kB]
Get:22 http://archive.ubuntu.com trusty/universe amd64 Packages [7589 kB]
Get:23 http://archive.ubuntu.com trusty/multiverse amd64 Packages [169 kB]
Fetched 14.5 MB in 3s (4563 kB/s)
Reading package lists...
Reading package lists...
Building dependency tree...
Reading state information...
The following extra packages will be installed:
  binutils build-essential cpp cpp-4.8 dpkg-dev fakeroot fontconfig-config
  fonts-dejavu-core g++-4.8 gcc gcc-4.8 geoip-database git-man libaio1
  libalgorithm-diff-perl libalgorithm-diff-xs-perl libalgorithm-merge-perl
  libasan0 libatomic1 libblas3 libc-dev-bin libc6-dev libcloog-isl4
  libdbd-mysql-perl libdbi-perl libdpkg-perl libedit2 liberror-perl
  libexpat1-dev libfakeroot libfile-fcntllock-perl libfontconfig1 libfreetype6
  libgcc-4.8-dev libgd3 libgeoip1 libgfortran3 libgmp10 libgomp1
  libhtml-template-perl libisl10 libitm1 libjbig0 libjpeg-turbo8 libjpeg8
  liblapack3 liblcms2-2 libmpc3 libmpfr4 libmysqlclient18 libpython-dev
  libpython-stdlib libpython2.7 libpython2.7-dev libpython2.7-minimal
  libpython2.7-stdlib libquadmath0 libstdc++-4.8-dev libterm-readkey-perl
  libtiff5 libtimedate-perl libtsan0 libvpx1 libwebp5 libwebpmux1 libwrap0
  libx11-6 libx11-data libxau6 libxcb1 libxdmcp6 libxext6 libxml2 libxmuu1
  libxpm4 libxslt1.1 linux-libc-dev manpages manpages-dev mysql-client-5.5
  mysql-client-core-5.5 mysql-common mysql-server-5.5 mysql-server-core-5.5
  nginx-common nginx-core openssh-client patch psmisc python python-chardet
  python-chardet-whl python-colorama python-colorama-whl python-distlib
  python-distlib-whl python-html5lib python-html5lib-whl python-minimal
  python-pip-whl python-pkg-resources python-requests python-requests-whl
  python-setuptools python-setuptools-whl python-six python-six-whl
  python-urllib3 python-urllib3-whl python-wheel python2.7 python2.7-dev
  python2.7-minimal rsync sgml-base tcpd xauth xml-core xz-utils
Suggested packages:
  binutils-doc cpp-doc gcc-4.8-locales debian-keyring g++-multilib
  g++-4.8-multilib gcc-4.8-doc libstdc++6-4.8-dbg gcc-multilib autoconf
  automake1.9 libtool flex bison gdb gcc-doc gcc-4.8-multilib libgcc1-dbg
  libgomp1-dbg libitm1-dbg libatomic1-dbg libasan0-dbg libtsan0-dbg
  libquadmath0-dbg gettext-base git-daemon-run git-daemon-sysvinit git-doc
  git-el git-email git-gui gitk gitweb git-arch git-bzr git-cvs git-mediawiki
  git-svn glibc-doc libclone-perl libmldbm-perl libnet-daemon-perl
  libplrpc-perl libsql-statement-perl libgd-tools geoip-bin
  libipc-sharedcache-perl liblcms2-utils libstdc++-4.8-doc make-doc
  man-browser tinyca mailx fcgiwrap nginx-doc ssh-askpass libpam-ssh keychain
  monkeysphere ed diffutils-doc python-doc python-tk python-genshi python-lxml
  python-egenix-mxdatetime python-mysqldb-dbg gfortran python-nose
  python-numpy-dbg python-numpy-doc python-pil-doc python-pil-dbg
  python-distribute python-distribute-doc python2.7-doc binfmt-support
  openssh-server sgml-base-doc debhelper
Recommended packages:
  ssh-client python-dev-all
The following NEW packages will be installed:
  binutils build-essential cpp cpp-4.8 dpkg-dev fakeroot fontconfig-config
  fonts-dejavu-core g++ g++-4.8 gcc gcc-4.8 geoip-database git git-man libaio1
  libalgorithm-diff-perl libalgorithm-diff-xs-perl libalgorithm-merge-perl
  libasan0 libatomic1 libblas3 libc-dev-bin libc6-dev libcloog-isl4
  libdbd-mysql-perl libdbi-perl libdpkg-perl libedit2 liberror-perl
  libexpat1-dev libfakeroot libfile-fcntllock-perl libfontconfig1 libfreetype6
  libgcc-4.8-dev libgd3 libgeoip1 libgfortran3 libgmp10 libgomp1
  libhtml-template-perl libisl10 libitm1 libjbig0 libjpeg-turbo8 libjpeg8
  liblapack3 liblcms2-2 libmpc3 libmpfr4 libmysqlclient18 libpython-dev
  libpython-stdlib libpython2.7 libpython2.7-dev libpython2.7-minimal
  libpython2.7-stdlib libquadmath0 libstdc++-4.8-dev libterm-readkey-perl
  libtiff5 libtimedate-perl libtsan0 libvpx1 libwebp5 libwebpmux1 libwrap0
  libx11-6 libx11-data libxau6 libxcb1 libxdmcp6 libxext6 libxml2 libxmuu1
  libxpm4 libxslt1.1 linux-libc-dev make manpages manpages-dev
  mysql-client-5.5 mysql-client-core-5.5 mysql-common mysql-server
  mysql-server-5.5 mysql-server-core-5.5 nginx nginx-common nginx-core
  openssh-client patch psmisc python python-chardet python-chardet-whl
  python-colorama python-colorama-whl python-dev python-distlib
  python-distlib-whl python-html5lib python-html5lib-whl python-minimal
  python-mysqldb python-numpy python-pil python-pip python-pip-whl
  python-pkg-resources python-requests python-requests-whl python-setuptools
  python-setuptools-whl python-six python-six-whl python-urllib3
  python-urllib3-whl python-wheel python2.7 python2.7-dev python2.7-minimal
  rsync sgml-base tcpd xauth xml-core xz-utils
0 upgraded, 129 newly installed, 0 to remove and 1 not upgraded.
Need to get 93.6 MB of archives.
After this operation, 340 MB of additional disk space will be used.
Get:1 http://archive.ubuntu.com/ubuntu/ trusty/main libedit2 amd64 3.1-20130712-2 [86.7 kB]
Get:2 http://archive.ubuntu.com/ubuntu/ trusty/main libgeoip1 amd64 1.6.0-1 [71.0 kB]
Get:3 http://archive.ubuntu.com/ubuntu/ trusty/main libxau6 amd64 1:1.0.8-1 [8376 B]
Get:4 http://archive.ubuntu.com/ubuntu/ trusty/main libxdmcp6 amd64 1:1.1.1-1 [12.8 kB]
Get:5 http://archive.ubuntu.com/ubuntu/ trusty/main libxcb1 amd64 1.10-2ubuntu1 [38.0 kB]
Get:6 http://archive.ubuntu.com/ubuntu/ trusty-updates/main libx11-data all 2:1.6.2-1ubuntu2.1 [111 kB]
Get:7 http://archive.ubuntu.com/ubuntu/ trusty-updates/main libx11-6 amd64 2:1.6.2-1ubuntu2.1 [561 kB]
Get:8 http://archive.ubuntu.com/ubuntu/ trusty-updates/main libxext6 amd64 2:1.3.2-1ubuntu0.0.14.04.1 [28.8 kB]
Get:9 http://archive.ubuntu.com/ubuntu/ trusty-updates/main libxml2 amd64 2.9.1+dfsg1-3ubuntu4.13 [573 kB]
Get:10 http://archive.ubuntu.com/ubuntu/ trusty/main libxmuu1 amd64 2:1.1.1-1 [11.0 kB]
Get:11 http://archive.ubuntu.com/ubuntu/ trusty/main sgml-base all 1.26+nmu4ubuntu1 [12.5 kB]
Get:12 http://archive.ubuntu.com/ubuntu/ trusty/main libaio1 amd64 0.3.109-4 [6364 B]
Get:13 http://archive.ubuntu.com/ubuntu/ trusty-updates/main libasan0 amd64 4.8.4-2ubuntu1~14.04.4 [63.1 kB]
Get:14 http://archive.ubuntu.com/ubuntu/ trusty-updates/main libatomic1 amd64 4.8.4-2ubuntu1~14.04.4 [8630 B]
Get:15 http://archive.ubuntu.com/ubuntu/ trusty/main libgmp10 amd64 2:5.1.3+dfsg-1ubuntu1 [218 kB]
Get:16 http://archive.ubuntu.com/ubuntu/ trusty/main libisl10 amd64 0.12.2-1 [419 kB]
Get:17 http://archive.ubuntu.com/ubuntu/ trusty/main libcloog-isl4 amd64 0.18.2-1 [57.5 kB]
Get:18 http://archive.ubuntu.com/ubuntu/ trusty/main fonts-dejavu-core all 2.34-1ubuntu1 [1024 kB]
Get:19 http://archive.ubuntu.com/ubuntu/ trusty-updates/main fontconfig-config all 2.11.0-0ubuntu4.2 [47.4 kB]
Get:20 http://archive.ubuntu.com/ubuntu/ trusty-updates/main libfreetype6 amd64 2.5.2-1ubuntu2.8 [304 kB]
Get:21 http://archive.ubuntu.com/ubuntu/ trusty-updates/main libfontconfig1 amd64 2.11.0-0ubuntu4.2 [123 kB]
Get:22 http://archive.ubuntu.com/ubuntu/ trusty-updates/main libjpeg-turbo8 amd64 1.3.0-0ubuntu2.1 [104 kB]
Get:23 http://archive.ubuntu.com/ubuntu/ trusty/main libjpeg8 amd64 8c-2ubuntu8 [2194 B]
Get:24 http://archive.ubuntu.com/ubuntu/ trusty-updates/main libjbig0 amd64 2.0-2ubuntu4.1 [26.1 kB]
Get:25 http://archive.ubuntu.com/ubuntu/ trusty-updates/main libtiff5 amd64 4.0.3-7ubuntu0.11 [147 kB]
Get:26 http://archive.ubuntu.com/ubuntu/ trusty/main libvpx1 amd64 1.3.0-2 [556 kB]
Get:27 http://archive.ubuntu.com/ubuntu/ trusty-updates/main libxpm4 amd64 1:3.5.10-1ubuntu0.1 [33.2 kB]
Get:28 http://archive.ubuntu.com/ubuntu/ trusty-updates/main libgd3 amd64 2.1.0-3ubuntu0.11 [123 kB]
Get:29 http://archive.ubuntu.com/ubuntu/ trusty-updates/main libquadmath0 amd64 4.8.4-2ubuntu1~14.04.4 [126 kB]
Get:30 http://archive.ubuntu.com/ubuntu/ trusty-updates/main libgfortran3 amd64 4.8.4-2ubuntu1~14.04.4 [248 kB]
Get:31 http://archive.ubuntu.com/ubuntu/ trusty-updates/main libgomp1 amd64 4.8.4-2ubuntu1~14.04.4 [23.1 kB]
Get:32 http://archive.ubuntu.com/ubuntu/ trusty-updates/main libitm1 amd64 4.8.4-2ubuntu1~14.04.4 [28.6 kB]
Get:33 http://archive.ubuntu.com/ubuntu/ trusty-updates/main liblcms2-2 amd64 2.5-0ubuntu4.2 [131 kB]
Get:34 http://archive.ubuntu.com/ubuntu/ trusty/main libmpfr4 amd64 3.1.2-1 [203 kB]
Get:35 http://archive.ubuntu.com/ubuntu/ trusty-updates/main mysql-common all 5.5.62-0ubuntu0.14.04.1 [12.6 kB]
Get:36 http://archive.ubuntu.com/ubuntu/ trusty-updates/main libmysqlclient18 amd64 5.5.62-0ubuntu0.14.04.1 [598 kB]
Get:37 http://archive.ubuntu.com/ubuntu/ trusty-updates/main libpython2.7-minimal amd64 2.7.6-8ubuntu0.5 [308 kB]
Get:38 http://archive.ubuntu.com/ubuntu/ trusty-updates/main libpython2.7-stdlib amd64 2.7.6-8ubuntu0.5 [1872 kB]
Get:39 http://archive.ubuntu.com/ubuntu/ trusty-updates/main libpython2.7 amd64 2.7.6-8ubuntu0.5 [1041 kB]
Get:40 http://archive.ubuntu.com/ubuntu/ trusty-updates/main libc-dev-bin amd64 2.19-0ubuntu6.15 [68.9 kB]
Get:41 http://archive.ubuntu.com/ubuntu/ trusty-updates/main linux-libc-dev amd64 3.13.0-170.220 [772 kB]
Get:42 http://archive.ubuntu.com/ubuntu/ trusty-updates/main libc6-dev amd64 2.19-0ubuntu6.15 [1913 kB]
Get:43 http://archive.ubuntu.com/ubuntu/ trusty-updates/main libexpat1-dev amd64 2.1.0-4ubuntu1.4 [115 kB]
Get:44 http://archive.ubuntu.com/ubuntu/ trusty-updates/main libpython2.7-dev amd64 2.7.6-8ubuntu0.5 [22.0 MB]
Get:45 http://archive.ubuntu.com/ubuntu/ trusty-updates/main libtsan0 amd64 4.8.4-2ubuntu1~14.04.4 [94.8 kB]
Get:46 http://archive.ubuntu.com/ubuntu/ trusty/main libwrap0 amd64 7.6.q-25 [46.2 kB]
Get:47 http://archive.ubuntu.com/ubuntu/ trusty-updates/main libxslt1.1 amd64 1.1.28-2ubuntu0.2 [146 kB]
Get:48 http://archive.ubuntu.com/ubuntu/ trusty/main libdbi-perl amd64 1.630-1 [879 kB]
Get:49 http://archive.ubuntu.com/ubuntu/ trusty-updates/main libdbd-mysql-perl amd64 4.025-1ubuntu0.1 [87.6 kB]
Get:50 http://archive.ubuntu.com/ubuntu/ trusty/main libterm-readkey-perl amd64 2.31-1 [27.4 kB]
Get:51 http://archive.ubuntu.com/ubuntu/ trusty-updates/main mysql-client-core-5.5 amd64 5.5.62-0ubuntu0.14.04.1 [707 kB]
Get:52 http://archive.ubuntu.com/ubuntu/ trusty-updates/main mysql-client-5.5 amd64 5.5.62-0ubuntu0.14.04.1 [1459 kB]
Get:53 http://archive.ubuntu.com/ubuntu/ trusty-updates/main mysql-server-core-5.5 amd64 5.5.62-0ubuntu0.14.04.1 [3754 kB]
Get:54 http://archive.ubuntu.com/ubuntu/ trusty/main psmisc amd64 22.20-1ubuntu2 [53.2 kB]
Get:55 http://archive.ubuntu.com/ubuntu/ trusty-updates/main mysql-server-5.5 amd64 5.5.62-0ubuntu0.14.04.1 [1979 kB]
Get:56 http://archive.ubuntu.com/ubuntu/ trusty-updates/main python2.7-minimal amd64 2.7.6-8ubuntu0.5 [1186 kB]
Get:57 http://archive.ubuntu.com/ubuntu/ trusty/main libmpc3 amd64 1.0.1-1ubuntu1 [38.4 kB]
Get:58 http://archive.ubuntu.com/ubuntu/ trusty/main libwebp5 amd64 0.4.0-4 [146 kB]
Get:59 http://archive.ubuntu.com/ubuntu/ trusty/main libwebpmux1 amd64 0.4.0-4 [13.7 kB]
Get:60 http://archive.ubuntu.com/ubuntu/ trusty/main geoip-database all 20140313-1 [1196 kB]
Get:61 http://archive.ubuntu.com/ubuntu/ trusty/main manpages all 3.54-1ubuntu1 [627 kB]
Get:62 http://archive.ubuntu.com/ubuntu/ trusty-updates/main openssh-client amd64 1:6.6p1-2ubuntu2.13 [567 kB]
Get:63 http://archive.ubuntu.com/ubuntu/ trusty-updates/main rsync amd64 3.1.0-2ubuntu0.4+esm2 [347 kB]
Get:64 http://archive.ubuntu.com/ubuntu/ trusty/main xauth amd64 1:1.0.7-1ubuntu1 [25.8 kB]
Get:65 http://archive.ubuntu.com/ubuntu/ trusty/main xml-core all 0.13+nmu2 [23.3 kB]
Get:66 http://archive.ubuntu.com/ubuntu/ trusty-updates/main binutils amd64 2.24-5ubuntu14.2 [2076 kB]
Get:67 http://archive.ubuntu.com/ubuntu/ trusty-updates/main cpp-4.8 amd64 4.8.4-2ubuntu1~14.04.4 [4452 kB]
Get:68 http://archive.ubuntu.com/ubuntu/ trusty/main cpp amd64 4:4.8.2-1ubuntu6 [27.5 kB]
Get:69 http://archive.ubuntu.com/ubuntu/ trusty-updates/main libgcc-4.8-dev amd64 4.8.4-2ubuntu1~14.04.4 [1688 kB]
Get:70 http://archive.ubuntu.com/ubuntu/ trusty-updates/main gcc-4.8 amd64 4.8.4-2ubuntu1~14.04.4 [5040 kB]
Get:71 http://archive.ubuntu.com/ubuntu/ trusty/main gcc amd64 4:4.8.2-1ubuntu6 [5098 B]
Get:72 http://archive.ubuntu.com/ubuntu/ trusty-updates/main libstdc++-4.8-dev amd64 4.8.4-2ubuntu1~14.04.4 [1051 kB]
Get:73 http://archive.ubuntu.com/ubuntu/ trusty-updates/main g++-4.8 amd64 4.8.4-2ubuntu1~14.04.4 [18.0 MB]
Get:74 http://archive.ubuntu.com/ubuntu/ trusty/main g++ amd64 4:4.8.2-1ubuntu6 [1490 B]
Get:75 http://archive.ubuntu.com/ubuntu/ trusty/main make amd64 3.81-8.2ubuntu3 [119 kB]
Get:76 http://archive.ubuntu.com/ubuntu/ trusty/main libtimedate-perl all 2.3000-1 [37.2 kB]
Get:77 http://archive.ubuntu.com/ubuntu/ trusty-updates/main libdpkg-perl all 1.17.5ubuntu5.8 [179 kB]
Get:78 http://archive.ubuntu.com/ubuntu/ trusty/main xz-utils amd64 5.1.1alpha+20120614-2ubuntu2 [78.8 kB]
Get:79 http://archive.ubuntu.com/ubuntu/ trusty-updates/main patch amd64 2.7.1-4ubuntu2.4 [86.9 kB]
Get:80 http://archive.ubuntu.com/ubuntu/ trusty-updates/main dpkg-dev all 1.17.5ubuntu5.8 [726 kB]
Get:81 http://archive.ubuntu.com/ubuntu/ trusty/main build-essential amd64 11.6ubuntu6 [4838 B]
Get:82 http://archive.ubuntu.com/ubuntu/ trusty/main libfakeroot amd64 1.20-3ubuntu2 [25.4 kB]
Get:83 http://archive.ubuntu.com/ubuntu/ trusty/main fakeroot amd64 1.20-3ubuntu2 [55.0 kB]
Get:84 http://archive.ubuntu.com/ubuntu/ trusty/main liberror-perl all 0.17-1.1 [21.1 kB]
Get:85 http://archive.ubuntu.com/ubuntu/ trusty-updates/main git-man all 1:1.9.1-1ubuntu0.10 [700 kB]
Get:86 http://archive.ubuntu.com/ubuntu/ trusty-updates/main git amd64 1:1.9.1-1ubuntu0.10 [2737 kB]
Get:87 http://archive.ubuntu.com/ubuntu/ trusty/main libalgorithm-diff-perl all 1.19.02-3 [50.0 kB]
Get:88 http://archive.ubuntu.com/ubuntu/ trusty/main libalgorithm-diff-xs-perl amd64 0.04-2build4 [12.6 kB]
Get:89 http://archive.ubuntu.com/ubuntu/ trusty/main libalgorithm-merge-perl all 0.08-2 [12.7 kB]
Get:90 http://archive.ubuntu.com/ubuntu/ trusty/main libblas3 amd64 1.2.20110419-7 [215 kB]
Get:91 http://archive.ubuntu.com/ubuntu/ trusty/main libfile-fcntllock-perl amd64 0.14-2build1 [15.9 kB]
Get:92 http://archive.ubuntu.com/ubuntu/ trusty/main libhtml-template-perl all 2.95-1 [65.5 kB]
Get:93 http://archive.ubuntu.com/ubuntu/ trusty/main liblapack3 amd64 3.5.0-2ubuntu1 [1730 kB]
Get:94 http://archive.ubuntu.com/ubuntu/ trusty/main libpython-dev amd64 2.7.5-5ubuntu3 [7078 B]
Get:95 http://archive.ubuntu.com/ubuntu/ trusty/main libpython-stdlib amd64 2.7.5-5ubuntu3 [7012 B]
Get:96 http://archive.ubuntu.com/ubuntu/ trusty/main manpages-dev all 3.54-1ubuntu1 [1820 kB]
Get:97 http://archive.ubuntu.com/ubuntu/ trusty-updates/main mysql-server all 5.5.62-0ubuntu0.14.04.1 [11.0 kB]
Get:98 http://archive.ubuntu.com/ubuntu/ trusty-updates/main nginx-common all 1.4.6-1ubuntu3.9 [18.9 kB]
Get:99 http://archive.ubuntu.com/ubuntu/ trusty-updates/main nginx-core amd64 1.4.6-1ubuntu3.9 [325 kB]
Get:100 http://archive.ubuntu.com/ubuntu/ trusty-updates/main nginx all 1.4.6-1ubuntu3.9 [5418 B]
Get:101 http://archive.ubuntu.com/ubuntu/ trusty-updates/main python2.7 amd64 2.7.6-8ubuntu0.5 [197 kB]
Get:102 http://archive.ubuntu.com/ubuntu/ trusty/main python-minimal amd64 2.7.5-5ubuntu3 [27.5 kB]
Get:103 http://archive.ubuntu.com/ubuntu/ trusty/main python amd64 2.7.5-5ubuntu3 [134 kB]
Get:104 http://archive.ubuntu.com/ubuntu/ trusty/main python-chardet all 2.0.1-2build2 [106 kB]
Get:105 http://archive.ubuntu.com/ubuntu/ trusty-updates/universe python-chardet-whl all 2.2.1-2~ubuntu1 [170 kB]
Get:106 http://archive.ubuntu.com/ubuntu/ trusty-updates/universe python-colorama all 0.2.5-0.1ubuntu2 [18.4 kB]
Get:107 http://archive.ubuntu.com/ubuntu/ trusty-updates/universe python-colorama-whl all 0.2.5-0.1ubuntu2 [18.2 kB]
Get:108 http://archive.ubuntu.com/ubuntu/ trusty-updates/main python2.7-dev amd64 2.7.6-8ubuntu0.5 [269 kB]
Get:109 http://archive.ubuntu.com/ubuntu/ trusty/main python-dev amd64 2.7.5-5ubuntu3 [1166 B]
Get:110 http://archive.ubuntu.com/ubuntu/ trusty-updates/universe python-distlib all 0.1.8-1ubuntu1 [113 kB]
Get:111 http://archive.ubuntu.com/ubuntu/ trusty-updates/universe python-distlib-whl all 0.1.8-1ubuntu1 [140 kB]
Get:112 http://archive.ubuntu.com/ubuntu/ trusty-updates/main python-six all 1.5.2-1ubuntu1.1 [8348 B]
Get:113 http://archive.ubuntu.com/ubuntu/ trusty-updates/main python-html5lib all 0.999-3~ubuntu1 [83.5 kB]
Get:114 http://archive.ubuntu.com/ubuntu/ trusty-updates/main python-html5lib-whl all 0.999-3~ubuntu1 [109 kB]
Get:115 http://archive.ubuntu.com/ubuntu/ trusty/main python-mysqldb amd64 1.2.3-2ubuntu1 [55.4 kB]
Get:116 http://archive.ubuntu.com/ubuntu/ trusty-updates/main python-numpy amd64 1:1.8.2-0ubuntu0.1 [1603 kB]
Get:117 http://archive.ubuntu.com/ubuntu/ trusty-updates/main python-pil amd64 2.3.0-1ubuntu3.4 [280 kB]
Get:118 http://archive.ubuntu.com/ubuntu/ trusty-updates/main python-six-whl all 1.5.2-1ubuntu1.1 [10.6 kB]
Get:119 http://archive.ubuntu.com/ubuntu/ trusty-updates/main python-urllib3-whl all 1.7.1-1ubuntu4.1 [63.9 kB]
Get:120 http://archive.ubuntu.com/ubuntu/ trusty-updates/main python-requests-whl all 2.2.1-1ubuntu0.4 [228 kB]
Get:121 http://archive.ubuntu.com/ubuntu/ trusty-updates/main python-setuptools-whl all 3.3-1ubuntu2 [244 kB]
Get:122 http://archive.ubuntu.com/ubuntu/ trusty-updates/universe python-pip-whl all 1.5.4-1ubuntu4 [111 kB]
Get:123 http://archive.ubuntu.com/ubuntu/ trusty-updates/main python-pkg-resources all 3.3-1ubuntu2 [61.9 kB]
Get:124 http://archive.ubuntu.com/ubuntu/ trusty-updates/main python-urllib3 all 1.7.1-1ubuntu4.1 [39.4 kB]
Get:125 http://archive.ubuntu.com/ubuntu/ trusty-updates/main python-requests all 2.2.1-1ubuntu0.4 [43.5 kB]
Get:126 http://archive.ubuntu.com/ubuntu/ trusty-updates/main python-setuptools all 3.3-1ubuntu2 [230 kB]
Get:127 http://archive.ubuntu.com/ubuntu/ trusty-updates/universe python-pip all 1.5.4-1ubuntu4 [97.3 kB]
Get:128 http://archive.ubuntu.com/ubuntu/ trusty-updates/main python-wheel all 0.24.0-1~ubuntu1.1 [44.7 kB]
Get:129 http://archive.ubuntu.com/ubuntu/ trusty/main tcpd amd64 7.6.q-25 [23.0 kB]
Extracting templates from packages: 100%
Preconfiguring packages ...
Fetched 93.6 MB in 8s (10.6 MB/s)
Selecting previously unselected package libedit2:amd64.
(Reading database ... 12097 files and directories currently installed.)
Preparing to unpack .../libedit2_3.1-20130712-2_amd64.deb ...
Unpacking libedit2:amd64 (3.1-20130712-2) ...
Selecting previously unselected package libgeoip1:amd64.
Preparing to unpack .../libgeoip1_1.6.0-1_amd64.deb ...
Unpacking libgeoip1:amd64 (1.6.0-1) ...
Selecting previously unselected package libxau6:amd64.
Preparing to unpack .../libxau6_1%3a1.0.8-1_amd64.deb ...
Unpacking libxau6:amd64 (1:1.0.8-1) ...
Selecting previously unselected package libxdmcp6:amd64.
Preparing to unpack .../libxdmcp6_1%3a1.1.1-1_amd64.deb ...
Unpacking libxdmcp6:amd64 (1:1.1.1-1) ...
Selecting previously unselected package libxcb1:amd64.
Preparing to unpack .../libxcb1_1.10-2ubuntu1_amd64.deb ...
Unpacking libxcb1:amd64 (1.10-2ubuntu1) ...
Selecting previously unselected package libx11-data.
Preparing to unpack .../libx11-data_2%3a1.6.2-1ubuntu2.1_all.deb ...
Unpacking libx11-data (2:1.6.2-1ubuntu2.1) ...
Selecting previously unselected package libx11-6:amd64.
Preparing to unpack .../libx11-6_2%3a1.6.2-1ubuntu2.1_amd64.deb ...
Unpacking libx11-6:amd64 (2:1.6.2-1ubuntu2.1) ...
Selecting previously unselected package libxext6:amd64.
Preparing to unpack .../libxext6_2%3a1.3.2-1ubuntu0.0.14.04.1_amd64.deb ...
Unpacking libxext6:amd64 (2:1.3.2-1ubuntu0.0.14.04.1) ...
Selecting previously unselected package libxml2:amd64.
Preparing to unpack .../libxml2_2.9.1+dfsg1-3ubuntu4.13_amd64.deb ...
Unpacking libxml2:amd64 (2.9.1+dfsg1-3ubuntu4.13) ...
Selecting previously unselected package libxmuu1:amd64.
Preparing to unpack .../libxmuu1_2%3a1.1.1-1_amd64.deb ...
Unpacking libxmuu1:amd64 (2:1.1.1-1) ...
Selecting previously unselected package sgml-base.
Preparing to unpack .../sgml-base_1.26+nmu4ubuntu1_all.deb ...
Unpacking sgml-base (1.26+nmu4ubuntu1) ...
Selecting previously unselected package libaio1:amd64.
Preparing to unpack .../libaio1_0.3.109-4_amd64.deb ...
Unpacking libaio1:amd64 (0.3.109-4) ...
Selecting previously unselected package libasan0:amd64.
Preparing to unpack .../libasan0_4.8.4-2ubuntu1~14.04.4_amd64.deb ...
Unpacking libasan0:amd64 (4.8.4-2ubuntu1~14.04.4) ...
Selecting previously unselected package libatomic1:amd64.
Preparing to unpack .../libatomic1_4.8.4-2ubuntu1~14.04.4_amd64.deb ...
Unpacking libatomic1:amd64 (4.8.4-2ubuntu1~14.04.4) ...
Selecting previously unselected package libgmp10:amd64.
Preparing to unpack .../libgmp10_2%3a5.1.3+dfsg-1ubuntu1_amd64.deb ...
Unpacking libgmp10:amd64 (2:5.1.3+dfsg-1ubuntu1) ...
Selecting previously unselected package libisl10:amd64.
Preparing to unpack .../libisl10_0.12.2-1_amd64.deb ...
Unpacking libisl10:amd64 (0.12.2-1) ...
Selecting previously unselected package libcloog-isl4:amd64.
Preparing to unpack .../libcloog-isl4_0.18.2-1_amd64.deb ...
Unpacking libcloog-isl4:amd64 (0.18.2-1) ...
Selecting previously unselected package fonts-dejavu-core.
Preparing to unpack .../fonts-dejavu-core_2.34-1ubuntu1_all.deb ...
Unpacking fonts-dejavu-core (2.34-1ubuntu1) ...
Selecting previously unselected package fontconfig-config.
Preparing to unpack .../fontconfig-config_2.11.0-0ubuntu4.2_all.deb ...
Unpacking fontconfig-config (2.11.0-0ubuntu4.2) ...
Selecting previously unselected package libfreetype6:amd64.
Preparing to unpack .../libfreetype6_2.5.2-1ubuntu2.8_amd64.deb ...
Unpacking libfreetype6:amd64 (2.5.2-1ubuntu2.8) ...
Selecting previously unselected package libfontconfig1:amd64.
Preparing to unpack .../libfontconfig1_2.11.0-0ubuntu4.2_amd64.deb ...
Unpacking libfontconfig1:amd64 (2.11.0-0ubuntu4.2) ...
Selecting previously unselected package libjpeg-turbo8:amd64.
Preparing to unpack .../libjpeg-turbo8_1.3.0-0ubuntu2.1_amd64.deb ...
Unpacking libjpeg-turbo8:amd64 (1.3.0-0ubuntu2.1) ...
Selecting previously unselected package libjpeg8:amd64.
Preparing to unpack .../libjpeg8_8c-2ubuntu8_amd64.deb ...
Unpacking libjpeg8:amd64 (8c-2ubuntu8) ...
Selecting previously unselected package libjbig0:amd64.
Preparing to unpack .../libjbig0_2.0-2ubuntu4.1_amd64.deb ...
Unpacking libjbig0:amd64 (2.0-2ubuntu4.1) ...
Selecting previously unselected package libtiff5:amd64.
Preparing to unpack .../libtiff5_4.0.3-7ubuntu0.11_amd64.deb ...
Unpacking libtiff5:amd64 (4.0.3-7ubuntu0.11) ...
Selecting previously unselected package libvpx1:amd64.
Preparing to unpack .../libvpx1_1.3.0-2_amd64.deb ...
Unpacking libvpx1:amd64 (1.3.0-2) ...
Selecting previously unselected package libxpm4:amd64.
Preparing to unpack .../libxpm4_1%3a3.5.10-1ubuntu0.1_amd64.deb ...
Unpacking libxpm4:amd64 (1:3.5.10-1ubuntu0.1) ...
Selecting previously unselected package libgd3:amd64.
Preparing to unpack .../libgd3_2.1.0-3ubuntu0.11_amd64.deb ...
Unpacking libgd3:amd64 (2.1.0-3ubuntu0.11) ...
Selecting previously unselected package libquadmath0:amd64.
Preparing to unpack .../libquadmath0_4.8.4-2ubuntu1~14.04.4_amd64.deb ...
Unpacking libquadmath0:amd64 (4.8.4-2ubuntu1~14.04.4) ...
Selecting previously unselected package libgfortran3:amd64.
Preparing to unpack .../libgfortran3_4.8.4-2ubuntu1~14.04.4_amd64.deb ...
Unpacking libgfortran3:amd64 (4.8.4-2ubuntu1~14.04.4) ...
Selecting previously unselected package libgomp1:amd64.
Preparing to unpack .../libgomp1_4.8.4-2ubuntu1~14.04.4_amd64.deb ...
Unpacking libgomp1:amd64 (4.8.4-2ubuntu1~14.04.4) ...
Selecting previously unselected package libitm1:amd64.
Preparing to unpack .../libitm1_4.8.4-2ubuntu1~14.04.4_amd64.deb ...
Unpacking libitm1:amd64 (4.8.4-2ubuntu1~14.04.4) ...
Selecting previously unselected package liblcms2-2:amd64.
Preparing to unpack .../liblcms2-2_2.5-0ubuntu4.2_amd64.deb ...
Unpacking liblcms2-2:amd64 (2.5-0ubuntu4.2) ...
Selecting previously unselected package libmpfr4:amd64.
Preparing to unpack .../libmpfr4_3.1.2-1_amd64.deb ...
Unpacking libmpfr4:amd64 (3.1.2-1) ...
Selecting previously unselected package mysql-common.
Preparing to unpack .../mysql-common_5.5.62-0ubuntu0.14.04.1_all.deb ...
Unpacking mysql-common (5.5.62-0ubuntu0.14.04.1) ...
Selecting previously unselected package libmysqlclient18:amd64.
Preparing to unpack .../libmysqlclient18_5.5.62-0ubuntu0.14.04.1_amd64.deb ...
Unpacking libmysqlclient18:amd64 (5.5.62-0ubuntu0.14.04.1) ...
Selecting previously unselected package libpython2.7-minimal:amd64.
Preparing to unpack .../libpython2.7-minimal_2.7.6-8ubuntu0.5_amd64.deb ...
Unpacking libpython2.7-minimal:amd64 (2.7.6-8ubuntu0.5) ...
Selecting previously unselected package libpython2.7-stdlib:amd64.
Preparing to unpack .../libpython2.7-stdlib_2.7.6-8ubuntu0.5_amd64.deb ...
Unpacking libpython2.7-stdlib:amd64 (2.7.6-8ubuntu0.5) ...
Selecting previously unselected package libpython2.7:amd64.
Preparing to unpack .../libpython2.7_2.7.6-8ubuntu0.5_amd64.deb ...
Unpacking libpython2.7:amd64 (2.7.6-8ubuntu0.5) ...
Selecting previously unselected package libc-dev-bin.
Preparing to unpack .../libc-dev-bin_2.19-0ubuntu6.15_amd64.deb ...
Unpacking libc-dev-bin (2.19-0ubuntu6.15) ...
Selecting previously unselected package linux-libc-dev:amd64.
Preparing to unpack .../linux-libc-dev_3.13.0-170.220_amd64.deb ...
Unpacking linux-libc-dev:amd64 (3.13.0-170.220) ...
Selecting previously unselected package libc6-dev:amd64.
Preparing to unpack .../libc6-dev_2.19-0ubuntu6.15_amd64.deb ...
Unpacking libc6-dev:amd64 (2.19-0ubuntu6.15) ...
Selecting previously unselected package libexpat1-dev:amd64.
Preparing to unpack .../libexpat1-dev_2.1.0-4ubuntu1.4_amd64.deb ...
Unpacking libexpat1-dev:amd64 (2.1.0-4ubuntu1.4) ...
Selecting previously unselected package libpython2.7-dev:amd64.
Preparing to unpack .../libpython2.7-dev_2.7.6-8ubuntu0.5_amd64.deb ...
Unpacking libpython2.7-dev:amd64 (2.7.6-8ubuntu0.5) ...
Selecting previously unselected package libtsan0:amd64.
Preparing to unpack .../libtsan0_4.8.4-2ubuntu1~14.04.4_amd64.deb ...
Unpacking libtsan0:amd64 (4.8.4-2ubuntu1~14.04.4) ...
Selecting previously unselected package libwrap0:amd64.
Preparing to unpack .../libwrap0_7.6.q-25_amd64.deb ...
Unpacking libwrap0:amd64 (7.6.q-25) ...
Selecting previously unselected package libxslt1.1:amd64.
Preparing to unpack .../libxslt1.1_1.1.28-2ubuntu0.2_amd64.deb ...
Unpacking libxslt1.1:amd64 (1.1.28-2ubuntu0.2) ...
Selecting previously unselected package libdbi-perl.
Preparing to unpack .../libdbi-perl_1.630-1_amd64.deb ...
Unpacking libdbi-perl (1.630-1) ...
Selecting previously unselected package libdbd-mysql-perl.
Preparing to unpack .../libdbd-mysql-perl_4.025-1ubuntu0.1_amd64.deb ...
Unpacking libdbd-mysql-perl (4.025-1ubuntu0.1) ...
Selecting previously unselected package libterm-readkey-perl.
Preparing to unpack .../libterm-readkey-perl_2.31-1_amd64.deb ...
Unpacking libterm-readkey-perl (2.31-1) ...
Selecting previously unselected package mysql-client-core-5.5.
Preparing to unpack .../mysql-client-core-5.5_5.5.62-0ubuntu0.14.04.1_amd64.deb ...
Unpacking mysql-client-core-5.5 (5.5.62-0ubuntu0.14.04.1) ...
Selecting previously unselected package mysql-client-5.5.
Preparing to unpack .../mysql-client-5.5_5.5.62-0ubuntu0.14.04.1_amd64.deb ...
Unpacking mysql-client-5.5 (5.5.62-0ubuntu0.14.04.1) ...
Selecting previously unselected package mysql-server-core-5.5.
Preparing to unpack .../mysql-server-core-5.5_5.5.62-0ubuntu0.14.04.1_amd64.deb ...
Unpacking mysql-server-core-5.5 (5.5.62-0ubuntu0.14.04.1) ...
Selecting previously unselected package psmisc.
Preparing to unpack .../psmisc_22.20-1ubuntu2_amd64.deb ...
Unpacking psmisc (22.20-1ubuntu2) ...
Setting up mysql-common (5.5.62-0ubuntu0.14.04.1) ...
Selecting previously unselected package mysql-server-5.5.
(Reading database ... 15169 files and directories currently installed.)
Preparing to unpack .../mysql-server-5.5_5.5.62-0ubuntu0.14.04.1_amd64.deb ...
Unpacking mysql-server-5.5 (5.5.62-0ubuntu0.14.04.1) ...
Selecting previously unselected package python2.7-minimal.
Preparing to unpack .../python2.7-minimal_2.7.6-8ubuntu0.5_amd64.deb ...
Unpacking python2.7-minimal (2.7.6-8ubuntu0.5) ...
Selecting previously unselected package libmpc3:amd64.
Preparing to unpack .../libmpc3_1.0.1-1ubuntu1_amd64.deb ...
Unpacking libmpc3:amd64 (1.0.1-1ubuntu1) ...
Selecting previously unselected package libwebp5:amd64.
Preparing to unpack .../libwebp5_0.4.0-4_amd64.deb ...
Unpacking libwebp5:amd64 (0.4.0-4) ...
Selecting previously unselected package libwebpmux1:amd64.
Preparing to unpack .../libwebpmux1_0.4.0-4_amd64.deb ...
Unpacking libwebpmux1:amd64 (0.4.0-4) ...
Selecting previously unselected package geoip-database.
Preparing to unpack .../geoip-database_20140313-1_all.deb ...
Unpacking geoip-database (20140313-1) ...
Selecting previously unselected package manpages.
Preparing to unpack .../manpages_3.54-1ubuntu1_all.deb ...
Unpacking manpages (3.54-1ubuntu1) ...
Selecting previously unselected package openssh-client.
Preparing to unpack .../openssh-client_1%3a6.6p1-2ubuntu2.13_amd64.deb ...
Unpacking openssh-client (1:6.6p1-2ubuntu2.13) ...
Selecting previously unselected package rsync.
Preparing to unpack .../rsync_3.1.0-2ubuntu0.4+esm2_amd64.deb ...
Unpacking rsync (3.1.0-2ubuntu0.4+esm2) ...
Selecting previously unselected package xauth.
Preparing to unpack .../xauth_1%3a1.0.7-1ubuntu1_amd64.deb ...
Unpacking xauth (1:1.0.7-1ubuntu1) ...
Selecting previously unselected package xml-core.
Preparing to unpack .../xml-core_0.13+nmu2_all.deb ...
Unpacking xml-core (0.13+nmu2) ...
Selecting previously unselected package binutils.
Preparing to unpack .../binutils_2.24-5ubuntu14.2_amd64.deb ...
Unpacking binutils (2.24-5ubuntu14.2) ...
Selecting previously unselected package cpp-4.8.
Preparing to unpack .../cpp-4.8_4.8.4-2ubuntu1~14.04.4_amd64.deb ...
Unpacking cpp-4.8 (4.8.4-2ubuntu1~14.04.4) ...
Selecting previously unselected package cpp.
Preparing to unpack .../cpp_4%3a4.8.2-1ubuntu6_amd64.deb ...
Unpacking cpp (4:4.8.2-1ubuntu6) ...
Selecting previously unselected package libgcc-4.8-dev:amd64.
Preparing to unpack .../libgcc-4.8-dev_4.8.4-2ubuntu1~14.04.4_amd64.deb ...
Unpacking libgcc-4.8-dev:amd64 (4.8.4-2ubuntu1~14.04.4) ...
Selecting previously unselected package gcc-4.8.
Preparing to unpack .../gcc-4.8_4.8.4-2ubuntu1~14.04.4_amd64.deb ...
Unpacking gcc-4.8 (4.8.4-2ubuntu1~14.04.4) ...
Selecting previously unselected package gcc.
Preparing to unpack .../gcc_4%3a4.8.2-1ubuntu6_amd64.deb ...
Unpacking gcc (4:4.8.2-1ubuntu6) ...
Selecting previously unselected package libstdc++-4.8-dev:amd64.
Preparing to unpack .../libstdc++-4.8-dev_4.8.4-2ubuntu1~14.04.4_amd64.deb ...
Unpacking libstdc++-4.8-dev:amd64 (4.8.4-2ubuntu1~14.04.4) ...
Selecting previously unselected package g++-4.8.
Preparing to unpack .../g++-4.8_4.8.4-2ubuntu1~14.04.4_amd64.deb ...
Unpacking g++-4.8 (4.8.4-2ubuntu1~14.04.4) ...
Selecting previously unselected package g++.
Preparing to unpack .../g++_4%3a4.8.2-1ubuntu6_amd64.deb ...
Unpacking g++ (4:4.8.2-1ubuntu6) ...
Selecting previously unselected package make.
Preparing to unpack .../make_3.81-8.2ubuntu3_amd64.deb ...
Unpacking make (3.81-8.2ubuntu3) ...
Selecting previously unselected package libtimedate-perl.
Preparing to unpack .../libtimedate-perl_2.3000-1_all.deb ...
Unpacking libtimedate-perl (2.3000-1) ...
Selecting previously unselected package libdpkg-perl.
Preparing to unpack .../libdpkg-perl_1.17.5ubuntu5.8_all.deb ...
Unpacking libdpkg-perl (1.17.5ubuntu5.8) ...
Selecting previously unselected package xz-utils.
Preparing to unpack .../xz-utils_5.1.1alpha+20120614-2ubuntu2_amd64.deb ...
Unpacking xz-utils (5.1.1alpha+20120614-2ubuntu2) ...
Selecting previously unselected package patch.
Preparing to unpack .../patch_2.7.1-4ubuntu2.4_amd64.deb ...
Unpacking patch (2.7.1-4ubuntu2.4) ...
Selecting previously unselected package dpkg-dev.
Preparing to unpack .../dpkg-dev_1.17.5ubuntu5.8_all.deb ...
Unpacking dpkg-dev (1.17.5ubuntu5.8) ...
Selecting previously unselected package build-essential.
Preparing to unpack .../build-essential_11.6ubuntu6_amd64.deb ...
Unpacking build-essential (11.6ubuntu6) ...
Selecting previously unselected package libfakeroot:amd64.
Preparing to unpack .../libfakeroot_1.20-3ubuntu2_amd64.deb ...
Unpacking libfakeroot:amd64 (1.20-3ubuntu2) ...
Selecting previously unselected package fakeroot.
Preparing to unpack .../fakeroot_1.20-3ubuntu2_amd64.deb ...
Unpacking fakeroot (1.20-3ubuntu2) ...
Selecting previously unselected package liberror-perl.
Preparing to unpack .../liberror-perl_0.17-1.1_all.deb ...
Unpacking liberror-perl (0.17-1.1) ...
Selecting previously unselected package git-man.
Preparing to unpack .../git-man_1%3a1.9.1-1ubuntu0.10_all.deb ...
Unpacking git-man (1:1.9.1-1ubuntu0.10) ...
Selecting previously unselected package git.
Preparing to unpack .../git_1%3a1.9.1-1ubuntu0.10_amd64.deb ...
Unpacking git (1:1.9.1-1ubuntu0.10) ...
Selecting previously unselected package libalgorithm-diff-perl.
Preparing to unpack .../libalgorithm-diff-perl_1.19.02-3_all.deb ...
Unpacking libalgorithm-diff-perl (1.19.02-3) ...
Selecting previously unselected package libalgorithm-diff-xs-perl.
Preparing to unpack .../libalgorithm-diff-xs-perl_0.04-2build4_amd64.deb ...
Unpacking libalgorithm-diff-xs-perl (0.04-2build4) ...
Selecting previously unselected package libalgorithm-merge-perl.
Preparing to unpack .../libalgorithm-merge-perl_0.08-2_all.deb ...
Unpacking libalgorithm-merge-perl (0.08-2) ...
Selecting previously unselected package libblas3.
Preparing to unpack .../libblas3_1.2.20110419-7_amd64.deb ...
Unpacking libblas3 (1.2.20110419-7) ...
Selecting previously unselected package libfile-fcntllock-perl.
Preparing to unpack .../libfile-fcntllock-perl_0.14-2build1_amd64.deb ...
Unpacking libfile-fcntllock-perl (0.14-2build1) ...
Selecting previously unselected package libhtml-template-perl.
Preparing to unpack .../libhtml-template-perl_2.95-1_all.deb ...
Unpacking libhtml-template-perl (2.95-1) ...
Selecting previously unselected package liblapack3.
Preparing to unpack .../liblapack3_3.5.0-2ubuntu1_amd64.deb ...
Unpacking liblapack3 (3.5.0-2ubuntu1) ...
Selecting previously unselected package libpython-dev:amd64.
Preparing to unpack .../libpython-dev_2.7.5-5ubuntu3_amd64.deb ...
Unpacking libpython-dev:amd64 (2.7.5-5ubuntu3) ...
Selecting previously unselected package libpython-stdlib:amd64.
Preparing to unpack .../libpython-stdlib_2.7.5-5ubuntu3_amd64.deb ...
Unpacking libpython-stdlib:amd64 (2.7.5-5ubuntu3) ...
Selecting previously unselected package manpages-dev.
Preparing to unpack .../manpages-dev_3.54-1ubuntu1_all.deb ...
Unpacking manpages-dev (3.54-1ubuntu1) ...
Selecting previously unselected package mysql-server.
Preparing to unpack .../mysql-server_5.5.62-0ubuntu0.14.04.1_all.deb ...
Unpacking mysql-server (5.5.62-0ubuntu0.14.04.1) ...
Selecting previously unselected package nginx-common.
Preparing to unpack .../nginx-common_1.4.6-1ubuntu3.9_all.deb ...
Unpacking nginx-common (1.4.6-1ubuntu3.9) ...
Selecting previously unselected package nginx-core.
Preparing to unpack .../nginx-core_1.4.6-1ubuntu3.9_amd64.deb ...
Unpacking nginx-core (1.4.6-1ubuntu3.9) ...
Selecting previously unselected package nginx.
Preparing to unpack .../nginx_1.4.6-1ubuntu3.9_all.deb ...
Unpacking nginx (1.4.6-1ubuntu3.9) ...
Selecting previously unselected package python2.7.
Preparing to unpack .../python2.7_2.7.6-8ubuntu0.5_amd64.deb ...
Unpacking python2.7 (2.7.6-8ubuntu0.5) ...
Selecting previously unselected package python-minimal.
Preparing to unpack .../python-minimal_2.7.5-5ubuntu3_amd64.deb ...
Unpacking python-minimal (2.7.5-5ubuntu3) ...
Selecting previously unselected package python.
Preparing to unpack .../python_2.7.5-5ubuntu3_amd64.deb ...
Unpacking python (2.7.5-5ubuntu3) ...
Selecting previously unselected package python-chardet.
Preparing to unpack .../python-chardet_2.0.1-2build2_all.deb ...
Unpacking python-chardet (2.0.1-2build2) ...
Selecting previously unselected package python-chardet-whl.
Preparing to unpack .../python-chardet-whl_2.2.1-2~ubuntu1_all.deb ...
Unpacking python-chardet-whl (2.2.1-2~ubuntu1) ...
Selecting previously unselected package python-colorama.
Preparing to unpack .../python-colorama_0.2.5-0.1ubuntu2_all.deb ...
Unpacking python-colorama (0.2.5-0.1ubuntu2) ...
Selecting previously unselected package python-colorama-whl.
Preparing to unpack .../python-colorama-whl_0.2.5-0.1ubuntu2_all.deb ...
Unpacking python-colorama-whl (0.2.5-0.1ubuntu2) ...
Selecting previously unselected package python2.7-dev.
Preparing to unpack .../python2.7-dev_2.7.6-8ubuntu0.5_amd64.deb ...
Unpacking python2.7-dev (2.7.6-8ubuntu0.5) ...
Selecting previously unselected package python-dev.
Preparing to unpack .../python-dev_2.7.5-5ubuntu3_amd64.deb ...
Unpacking python-dev (2.7.5-5ubuntu3) ...
Selecting previously unselected package python-distlib.
Preparing to unpack .../python-distlib_0.1.8-1ubuntu1_all.deb ...
Unpacking python-distlib (0.1.8-1ubuntu1) ...
Selecting previously unselected package python-distlib-whl.
Preparing to unpack .../python-distlib-whl_0.1.8-1ubuntu1_all.deb ...
Unpacking python-distlib-whl (0.1.8-1ubuntu1) ...
Selecting previously unselected package python-six.
Preparing to unpack .../python-six_1.5.2-1ubuntu1.1_all.deb ...
Unpacking python-six (1.5.2-1ubuntu1.1) ...
Selecting previously unselected package python-html5lib.
Preparing to unpack .../python-html5lib_0.999-3~ubuntu1_all.deb ...
Unpacking python-html5lib (0.999-3~ubuntu1) ...
Selecting previously unselected package python-html5lib-whl.
Preparing to unpack .../python-html5lib-whl_0.999-3~ubuntu1_all.deb ...
Unpacking python-html5lib-whl (0.999-3~ubuntu1) ...
Selecting previously unselected package python-mysqldb.
Preparing to unpack .../python-mysqldb_1.2.3-2ubuntu1_amd64.deb ...
Unpacking python-mysqldb (1.2.3-2ubuntu1) ...
Selecting previously unselected package python-numpy.
Preparing to unpack .../python-numpy_1%3a1.8.2-0ubuntu0.1_amd64.deb ...
Unpacking python-numpy (1:1.8.2-0ubuntu0.1) ...
Selecting previously unselected package python-pil.
Preparing to unpack .../python-pil_2.3.0-1ubuntu3.4_amd64.deb ...
Unpacking python-pil (2.3.0-1ubuntu3.4) ...
Selecting previously unselected package python-six-whl.
Preparing to unpack .../python-six-whl_1.5.2-1ubuntu1.1_all.deb ...
Unpacking python-six-whl (1.5.2-1ubuntu1.1) ...
Selecting previously unselected package python-urllib3-whl.
Preparing to unpack .../python-urllib3-whl_1.7.1-1ubuntu4.1_all.deb ...
Unpacking python-urllib3-whl (1.7.1-1ubuntu4.1) ...
Selecting previously unselected package python-requests-whl.
Preparing to unpack .../python-requests-whl_2.2.1-1ubuntu0.4_all.deb ...
Unpacking python-requests-whl (2.2.1-1ubuntu0.4) ...
Selecting previously unselected package python-setuptools-whl.
Preparing to unpack .../python-setuptools-whl_3.3-1ubuntu2_all.deb ...
Unpacking python-setuptools-whl (3.3-1ubuntu2) ...
Selecting previously unselected package python-pip-whl.
Preparing to unpack .../python-pip-whl_1.5.4-1ubuntu4_all.deb ...
Unpacking python-pip-whl (1.5.4-1ubuntu4) ...
Selecting previously unselected package python-pkg-resources.
Preparing to unpack .../python-pkg-resources_3.3-1ubuntu2_all.deb ...
Unpacking python-pkg-resources (3.3-1ubuntu2) ...
Selecting previously unselected package python-urllib3.
Preparing to unpack .../python-urllib3_1.7.1-1ubuntu4.1_all.deb ...
Unpacking python-urllib3 (1.7.1-1ubuntu4.1) ...
Selecting previously unselected package python-requests.
Preparing to unpack .../python-requests_2.2.1-1ubuntu0.4_all.deb ...
Unpacking python-requests (2.2.1-1ubuntu0.4) ...
Selecting previously unselected package python-setuptools.
Preparing to unpack .../python-setuptools_3.3-1ubuntu2_all.deb ...
Unpacking python-setuptools (3.3-1ubuntu2) ...
Selecting previously unselected package python-pip.
Preparing to unpack .../python-pip_1.5.4-1ubuntu4_all.deb ...
Unpacking python-pip (1.5.4-1ubuntu4) ...
Selecting previously unselected package python-wheel.
Preparing to unpack .../python-wheel_0.24.0-1~ubuntu1.1_all.deb ...
Unpacking python-wheel (0.24.0-1~ubuntu1.1) ...
Selecting previously unselected package tcpd.
Preparing to unpack .../tcpd_7.6.q-25_amd64.deb ...
Unpacking tcpd (7.6.q-25) ...
Processing triggers for ureadahead (0.100.0-16) ...
Processing triggers for mime-support (3.54ubuntu1.1) ...
Setting up libedit2:amd64 (3.1-20130712-2) ...
Setting up libgeoip1:amd64 (1.6.0-1) ...
Setting up libxau6:amd64 (1:1.0.8-1) ...
Setting up libxdmcp6:amd64 (1:1.1.1-1) ...
Setting up libxcb1:amd64 (1.10-2ubuntu1) ...
Setting up libx11-data (2:1.6.2-1ubuntu2.1) ...
Setting up libx11-6:amd64 (2:1.6.2-1ubuntu2.1) ...
Setting up libxext6:amd64 (2:1.3.2-1ubuntu0.0.14.04.1) ...
Setting up libxml2:amd64 (2.9.1+dfsg1-3ubuntu4.13) ...
Setting up libxmuu1:amd64 (2:1.1.1-1) ...
Setting up sgml-base (1.26+nmu4ubuntu1) ...
Setting up libaio1:amd64 (0.3.109-4) ...
Setting up libasan0:amd64 (4.8.4-2ubuntu1~14.04.4) ...
Setting up libatomic1:amd64 (4.8.4-2ubuntu1~14.04.4) ...
Setting up libgmp10:amd64 (2:5.1.3+dfsg-1ubuntu1) ...
Setting up libisl10:amd64 (0.12.2-1) ...
Setting up libcloog-isl4:amd64 (0.18.2-1) ...
Setting up fonts-dejavu-core (2.34-1ubuntu1) ...
Setting up fontconfig-config (2.11.0-0ubuntu4.2) ...
Setting up libfreetype6:amd64 (2.5.2-1ubuntu2.8) ...
Setting up libfontconfig1:amd64 (2.11.0-0ubuntu4.2) ...
Setting up libjpeg-turbo8:amd64 (1.3.0-0ubuntu2.1) ...
Setting up libjpeg8:amd64 (8c-2ubuntu8) ...
Setting up libjbig0:amd64 (2.0-2ubuntu4.1) ...
Setting up libtiff5:amd64 (4.0.3-7ubuntu0.11) ...
Setting up libvpx1:amd64 (1.3.0-2) ...
Setting up libxpm4:amd64 (1:3.5.10-1ubuntu0.1) ...
Setting up libgd3:amd64 (2.1.0-3ubuntu0.11) ...
Setting up libquadmath0:amd64 (4.8.4-2ubuntu1~14.04.4) ...
Setting up libgfortran3:amd64 (4.8.4-2ubuntu1~14.04.4) ...
Setting up libgomp1:amd64 (4.8.4-2ubuntu1~14.04.4) ...
Setting up libitm1:amd64 (4.8.4-2ubuntu1~14.04.4) ...
Setting up liblcms2-2:amd64 (2.5-0ubuntu4.2) ...
Setting up libmpfr4:amd64 (3.1.2-1) ...
Setting up libmysqlclient18:amd64 (5.5.62-0ubuntu0.14.04.1) ...
Setting up libpython2.7-minimal:amd64 (2.7.6-8ubuntu0.5) ...
Setting up libpython2.7-stdlib:amd64 (2.7.6-8ubuntu0.5) ...
Setting up libpython2.7:amd64 (2.7.6-8ubuntu0.5) ...
Setting up libc-dev-bin (2.19-0ubuntu6.15) ...
Setting up linux-libc-dev:amd64 (3.13.0-170.220) ...
Setting up libc6-dev:amd64 (2.19-0ubuntu6.15) ...
Setting up libexpat1-dev:amd64 (2.1.0-4ubuntu1.4) ...
Setting up libpython2.7-dev:amd64 (2.7.6-8ubuntu0.5) ...
Setting up libtsan0:amd64 (4.8.4-2ubuntu1~14.04.4) ...
Setting up libwrap0:amd64 (7.6.q-25) ...
Setting up libxslt1.1:amd64 (1.1.28-2ubuntu0.2) ...
Setting up libdbi-perl (1.630-1) ...
Setting up libdbd-mysql-perl (4.025-1ubuntu0.1) ...
Setting up libterm-readkey-perl (2.31-1) ...
Setting up mysql-client-core-5.5 (5.5.62-0ubuntu0.14.04.1) ...
Setting up mysql-client-5.5 (5.5.62-0ubuntu0.14.04.1) ...
Setting up mysql-server-core-5.5 (5.5.62-0ubuntu0.14.04.1) ...
Setting up psmisc (22.20-1ubuntu2) ...
Setting up mysql-server-5.5 (5.5.62-0ubuntu0.14.04.1) ...
invoke-rc.d: policy-rc.d denied execution of stop.
invoke-rc.d: policy-rc.d denied execution of start.
Setting up python2.7-minimal (2.7.6-8ubuntu0.5) ...
Setting up libmpc3:amd64 (1.0.1-1ubuntu1) ...
Setting up libwebp5:amd64 (0.4.0-4) ...
Setting up libwebpmux1:amd64 (0.4.0-4) ...
Setting up geoip-database (20140313-1) ...
Setting up manpages (3.54-1ubuntu1) ...
Setting up openssh-client (1:6.6p1-2ubuntu2.13) ...
Setting up rsync (3.1.0-2ubuntu0.4+esm2) ...
 Removing any system startup links for /etc/init.d/rsync ...
update-rc.d: warning: default stop runlevel arguments (0 1 6) do not match rsync Default-Stop values (none)
 Adding system startup for /etc/init.d/rsync ...
   /etc/rc0.d/K20rsync -> ../init.d/rsync
   /etc/rc1.d/K20rsync -> ../init.d/rsync
   /etc/rc6.d/K20rsync -> ../init.d/rsync
   /etc/rc2.d/S20rsync -> ../init.d/rsync
   /etc/rc3.d/S20rsync -> ../init.d/rsync
   /etc/rc4.d/S20rsync -> ../init.d/rsync
   /etc/rc5.d/S20rsync -> ../init.d/rsync
invoke-rc.d: policy-rc.d denied execution of restart.
Setting up xauth (1:1.0.7-1ubuntu1) ...
Setting up xml-core (0.13+nmu2) ...
Setting up binutils (2.24-5ubuntu14.2) ...
Setting up cpp-4.8 (4.8.4-2ubuntu1~14.04.4) ...
Setting up cpp (4:4.8.2-1ubuntu6) ...
Setting up libgcc-4.8-dev:amd64 (4.8.4-2ubuntu1~14.04.4) ...
Setting up gcc-4.8 (4.8.4-2ubuntu1~14.04.4) ...
Setting up gcc (4:4.8.2-1ubuntu6) ...
Setting up libstdc++-4.8-dev:amd64 (4.8.4-2ubuntu1~14.04.4) ...
Setting up g++-4.8 (4.8.4-2ubuntu1~14.04.4) ...
Setting up g++ (4:4.8.2-1ubuntu6) ...
update-alternatives: using /usr/bin/g++ to provide /usr/bin/c++ (c++) in auto mode
Setting up make (3.81-8.2ubuntu3) ...
Setting up libtimedate-perl (2.3000-1) ...
Setting up libdpkg-perl (1.17.5ubuntu5.8) ...
Setting up xz-utils (5.1.1alpha+20120614-2ubuntu2) ...
update-alternatives: using /usr/bin/xz to provide /usr/bin/lzma (lzma) in auto mode
Setting up patch (2.7.1-4ubuntu2.4) ...
Setting up dpkg-dev (1.17.5ubuntu5.8) ...
Setting up build-essential (11.6ubuntu6) ...
Setting up libfakeroot:amd64 (1.20-3ubuntu2) ...
Setting up fakeroot (1.20-3ubuntu2) ...
update-alternatives: using /usr/bin/fakeroot-sysv to provide /usr/bin/fakeroot (fakeroot) in auto mode
Setting up liberror-perl (0.17-1.1) ...
Setting up git-man (1:1.9.1-1ubuntu0.10) ...
Setting up git (1:1.9.1-1ubuntu0.10) ...
Setting up libalgorithm-diff-perl (1.19.02-3) ...
Setting up libalgorithm-diff-xs-perl (0.04-2build4) ...
Setting up libalgorithm-merge-perl (0.08-2) ...
Setting up libblas3 (1.2.20110419-7) ...
update-alternatives: using /usr/lib/libblas/libblas.so.3 to provide /usr/lib/libblas.so.3 (libblas.so.3) in auto mode
Setting up libfile-fcntllock-perl (0.14-2build1) ...
Setting up libhtml-template-perl (2.95-1) ...
Setting up liblapack3 (3.5.0-2ubuntu1) ...
update-alternatives: using /usr/lib/lapack/liblapack.so.3 to provide /usr/lib/liblapack.so.3 (liblapack.so.3) in auto mode
Setting up libpython-dev:amd64 (2.7.5-5ubuntu3) ...
Setting up libpython-stdlib:amd64 (2.7.5-5ubuntu3) ...
Setting up manpages-dev (3.54-1ubuntu1) ...
Setting up nginx-common (1.4.6-1ubuntu3.9) ...
Setting up python2.7 (2.7.6-8ubuntu0.5) ...
Setting up python-minimal (2.7.5-5ubuntu3) ...
Setting up python (2.7.5-5ubuntu3) ...
Setting up python-chardet (2.0.1-2build2) ...
Setting up python-chardet-whl (2.2.1-2~ubuntu1) ...
Setting up python-colorama (0.2.5-0.1ubuntu2) ...
Setting up python-colorama-whl (0.2.5-0.1ubuntu2) ...
Setting up python2.7-dev (2.7.6-8ubuntu0.5) ...
Setting up python-dev (2.7.5-5ubuntu3) ...
Setting up python-distlib (0.1.8-1ubuntu1) ...
Setting up python-distlib-whl (0.1.8-1ubuntu1) ...
Setting up python-six (1.5.2-1ubuntu1.1) ...
Setting up python-html5lib (0.999-3~ubuntu1) ...
Setting up python-html5lib-whl (0.999-3~ubuntu1) ...
Setting up python-mysqldb (1.2.3-2ubuntu1) ...
Setting up python-numpy (1:1.8.2-0ubuntu0.1) ...
Setting up python-pil (2.3.0-1ubuntu3.4) ...
Setting up python-six-whl (1.5.2-1ubuntu1.1) ...
Setting up python-urllib3-whl (1.7.1-1ubuntu4.1) ...
Setting up python-requests-whl (2.2.1-1ubuntu0.4) ...
Setting up python-setuptools-whl (3.3-1ubuntu2) ...
Setting up python-pip-whl (1.5.4-1ubuntu4) ...
Setting up python-pkg-resources (3.3-1ubuntu2) ...
Setting up python-urllib3 (1.7.1-1ubuntu4.1) ...
Setting up python-requests (2.2.1-1ubuntu0.4) ...
Setting up python-setuptools (3.3-1ubuntu2) ...
Setting up python-pip (1.5.4-1ubuntu4) ...
Setting up python-wheel (0.24.0-1~ubuntu1.1) ...
Setting up tcpd (7.6.q-25) ...
Processing triggers for ureadahead (0.100.0-16) ...
Setting up mysql-server (5.5.62-0ubuntu0.14.04.1) ...
Setting up nginx-core (1.4.6-1ubuntu3.9) ...
invoke-rc.d: policy-rc.d denied execution of start.
Setting up nginx (1.4.6-1ubuntu3.9) ...
Processing triggers for libc-bin (2.19-0ubuntu6.15) ...
Processing triggers for sgml-base (1.26+nmu4ubuntu1) ...
Removing intermediate container 9d6eb1c924da
 ---> 41ac3e3d3d5e
Step 5/14 : RUN pip install uwsgi
 ---> Running in 3f3c087732ca
Downloading/unpacking uwsgi
  Cannot fetch index base URL https://pypi.python.org/simple/
  Could not find any downloads that satisfy the requirement uwsgi
Cleaning up...
No distributions at all found for uwsgi
Storing debug log for failure in /root/.pip/pip.log
The command '/bin/sh -c pip install uwsgi' returned a non-zero code: 1
jsbien@JSBbookworm:~/git/glyph-miner/docker$ 